<?xml version="1.0" encoding="UTF-8"?>
<!-- Generated by org.testng.reporters.JUnitReportReporter -->
<testsuite hostname="DESKTOP-4TF1D5V" name="week4.testng.tests.EditLead" tests="1" failures="0" timestamp="9 Sep 2017 17:14:11 GMT" time="57.722" errors="0">
  <testcase name="EditLeadTestCase" time="57.722" classname="week4.testng.tests.EditLead"/>
</testsuite> <!-- week4.testng.tests.EditLead -->
