<?xml version="1.0" encoding="UTF-8"?>
<!-- Generated by org.testng.reporters.JUnitReportReporter -->
<testsuite hostname="DESKTOP-4TF1D5V" name="week5.apachepoi.ReadFromExcel" tests="1" failures="0" timestamp="16 Sep 2017 05:16:51 GMT" time="0.505" errors="0">
  <testcase name="readFromExcelMethod" time="0.505" classname="week5.apachepoi.ReadFromExcel"/>
</testsuite> <!-- week5.apachepoi.ReadFromExcel -->
