<?xml version="1.0" encoding="UTF-8"?>
<!-- Generated by org.testng.reporters.JUnitReportReporter -->
<testsuite hostname="DESKTOP-4TF1D5V" name="week4.testng.tests.DuplicateLeadDataProvider" tests="1" failures="0" timestamp="16 Sep 2017 05:24:03 GMT" time="21.721" errors="0">
  <testcase name="DuplicateLeadClass" time="21.721" classname="week4.testng.tests.DuplicateLeadDataProvider"/>
</testsuite> <!-- week4.testng.tests.DuplicateLeadDataProvider -->
