<?xml version="1.0" encoding="UTF-8"?>
<!-- Generated by org.testng.reporters.JUnitReportReporter -->
<testsuite hostname="DESKTOP-4TF1D5V" name="week4.testng.tests.DuplicateLead" tests="1" failures="0" timestamp="9 Sep 2017 17:14:11 GMT" time="28.698" errors="0">
  <testcase name="DuplicateLeadClass" time="28.698" classname="week4.testng.tests.DuplicateLead"/>
</testsuite> <!-- week4.testng.tests.DuplicateLead -->
