<?xml version="1.0" encoding="UTF-8"?>
<!-- Generated by org.testng.reporters.JUnitReportReporter -->
<testsuite hostname="DESKTOP-4TF1D5V" name="week4.testng.groups.homework.CreateLead" tests="1" failures="0" timestamp="16 Sep 2017 12:25:47 GMT" time="19.577" errors="0">
  <testcase name="CreateLeadAtTest" time="19.577" classname="week4.testng.groups.homework.CreateLead"/>
</testsuite> <!-- week4.testng.groups.homework.CreateLead -->
