<?xml version="1.0" encoding="UTF-8"?>
<!-- Generated by org.testng.reporters.JUnitReportReporter -->
<testsuite hostname="DESKTOP-4TF1D5V" name="week4.testng.tests.CreateLeadFirst" tests="4" failures="0" timestamp="10 Sep 2017 05:09:59 GMT" time="56.373" errors="0">
  <testcase name="f" time="13.428" classname="week4.testng.tests.CreateLeadFirst"/>
  <testcase name="f" time="13.877" classname="week4.testng.tests.CreateLeadFirst"/>
  <testcase name="f" time="15.452" classname="week4.testng.tests.CreateLeadFirst"/>
  <testcase name="f" time="13.616" classname="week4.testng.tests.CreateLeadFirst"/>
</testsuite> <!-- week4.testng.tests.CreateLeadFirst -->
