<?xml version="1.0" encoding="UTF-8"?>
<!-- Generated by org.testng.reporters.JUnitReportReporter -->
<testsuite hostname="DESKTOP-4TF1D5V" name="week5.extentreports.ExtentReportsTest" tests="1" failures="0" timestamp="16 Sep 2017 13:26:47 GMT" time="0.568" errors="0">
  <testcase name="extentReports" time="0.568" classname="week5.extentreports.ExtentReportsTest"/>
</testsuite> <!-- week5.extentreports.ExtentReportsTest -->
