<?xml version="1.0" encoding="UTF-8"?>
<!-- Generated by org.testng.reporters.JUnitReportReporter -->
<testsuite hostname="DESKTOP-4TF1D5V" name="week4.testng.tests.DeleteLeadDataProvider" tests="1" failures="0" timestamp="16 Sep 2017 05:19:33 GMT" time="23.188" errors="0">
  <testcase name="DeleteLeadTestCase" time="23.188" classname="week4.testng.tests.DeleteLeadDataProvider"/>
</testsuite> <!-- week4.testng.tests.DeleteLeadDataProvider -->
