<?xml version="1.0" encoding="UTF-8"?>
<!-- Generated by org.testng.reporters.JUnitReportReporter -->
<testsuite hostname="DESKTOP-4TF1D5V" name="week4.testng.tests.EditLeadDataProvider" tests="1" failures="0" timestamp="16 Sep 2017 05:27:57 GMT" time="21.399" errors="0">
  <testcase name="EditLeadTestCase" time="21.399" classname="week4.testng.tests.EditLeadDataProvider"/>
</testsuite> <!-- week4.testng.tests.EditLeadDataProvider -->
