<?xml version="1.0" encoding="UTF-8"?>
<!-- Generated by org.testng.reporters.JUnitReportReporter -->
<testsuite hostname="DESKTOP-4TF1D5V" name="week4.testng.groups.homework.EditLead" tests="1" failures="0" timestamp="16 Sep 2017 12:25:47 GMT" time="23.649" errors="0">
  <testcase name="EditLeadTestCase" time="23.649" classname="week4.testng.groups.homework.EditLead"/>
</testsuite> <!-- week4.testng.groups.homework.EditLead -->
