<?xml version="1.0" encoding="UTF-8"?>
<!-- Generated by org.testng.reporters.JUnitReportReporter -->
<testsuite hostname="DESKTOP-4TF1D5V" name="week4.testng.parameters.EditLead" tests="1" failures="0" timestamp="16 Sep 2017 12:00:28 GMT" time="26.798" errors="0">
  <testcase name="EditLeadTestCase" time="26.798" classname="week4.testng.parameters.EditLead"/>
</testsuite> <!-- week4.testng.parameters.EditLead -->
