<?xml version="1.0" encoding="UTF-8"?>
<!-- Generated by org.testng.reporters.JUnitReportReporter -->
<testsuite hostname="DESKTOP-4TF1D5V" name="week4.testng.groups.homework.DeleteLead" tests="1" failures="0" timestamp="16 Sep 2017 12:24:17 GMT" time="25.469" errors="0">
  <testcase name="DeleteLeadTestCase" time="25.469" classname="week4.testng.groups.homework.DeleteLead"/>
</testsuite> <!-- week4.testng.groups.homework.DeleteLead -->
