<?xml version="1.0" encoding="UTF-8"?>
<!-- Generated by org.testng.reporters.JUnitReportReporter -->
<testsuite hostname="DESKTOP-4TF1D5V" name="week4.testng.tests.DeleteLead" tests="1" failures="0" timestamp="9 Sep 2017 17:14:11 GMT" time="63.048" errors="0">
  <testcase name="DeleteLeadTestCase" time="63.048" classname="week4.testng.tests.DeleteLead"/>
</testsuite> <!-- week4.testng.tests.DeleteLead -->
