<?xml version="1.0" encoding="UTF-8"?>
<!-- Generated by org.testng.reporters.JUnitReportReporter -->
<testsuite hostname="DESKTOP-4TF1D5V" name="week4.testng.tests.DeleteLeadDependsOnCreate" tests="1" failures="0" timestamp="10 Sep 2017 05:28:11 GMT" time="0.000" errors="1">
  <testcase name="DeleteLeadTestCase" time="0.000" classname="week4.testng.tests.DeleteLeadDependsOnCreate">
    <error type="java.lang.Throwable" message="Method DeleteLeadDependsOnCreate.DeleteLeadTestCase()[pri:0, instance:week4.testng.tests.DeleteLeadDependsOnCreate@20322d26] depends on not successfully finished methods">
      <![CDATA[java.lang.Throwable: Method DeleteLeadDependsOnCreate.DeleteLeadTestCase()[pri:0, instance:week4.testng.tests.DeleteLeadDependsOnCreate@20322d26] depends on not successfully finished methods
	at org.testng.internal.Invoker.invokeTestMethods(Invoker.java:1037)
	at org.testng.internal.TestMethodWorker.invokeTestMethods(TestMethodWorker.java:129)
	at org.testng.internal.TestMethodWorker.run(TestMethodWorker.java:112)
	at java.util.concurrent.ThreadPoolExecutor.runWorker(Unknown Source)
	at java.util.concurrent.ThreadPoolExecutor$Worker.run(Unknown Source)
	at java.lang.Thread.run(Unknown Source)
]]>
    </error>
  </testcase> <!-- DeleteLeadTestCase -->
</testsuite> <!-- week4.testng.tests.DeleteLeadDependsOnCreate -->
