<?xml version="1.0" encoding="UTF-8"?>
<!-- Generated by org.testng.reporters.JUnitReportReporter -->
<testsuite hostname="DESKTOP-4TF1D5V" name="week4.testng.tests.MergeLeadDataProvider" tests="1" failures="0" timestamp="16 Sep 2017 06:46:44 GMT" time="30.263" errors="0">
  <testcase name="MergeLeadAtTest" time="30.263" classname="week4.testng.tests.MergeLeadDataProvider"/>
</testsuite> <!-- week4.testng.tests.MergeLeadDataProvider -->
